<?xml version="1.0" encoding="UTF-8"?>
<testsuite name="com.vgl.cli.commands.DeleteCommandTest" tests="7" skipped="0" failures="0" errors="0" timestamp="2025-12-31T04:48:37" hostname="JONBVIVO" time="0.193">
  <properties/>
  <testcase name="deleteRepo_whenTargetIsNotRepoRoot_doesNotDeleteAncestorRepo()" classname="com.vgl.cli.commands.DeleteCommandTest" time="0.027"/>
  <testcase name="deleteRepo_withoutForce_inNoninteractiveMode_refusesSafely()" classname="com.vgl.cli.commands.DeleteCommandTest" time="0.024"/>
  <testcase name="deleteBranch_deletesNonCurrentBranch()" classname="com.vgl.cli.commands.DeleteCommandTest" time="0.081"/>
  <testcase name="deleteBranch_refusesCurrentBranch()" classname="com.vgl.cli.commands.DeleteCommandTest" time="0.024"/>
  <testcase name="deleteRepo_removesGitMetadataButKeepsWorkspaceFiles()" classname="com.vgl.cli.commands.DeleteCommandTest" time="0.02"/>
  <testcase name="delete_withTooManyPositionals_printsUsage()" classname="com.vgl.cli.commands.DeleteCommandTest" time="0.007"/>
  <testcase name="delete_withUnknownFlag_printsUsage()" classname="com.vgl.cli.commands.DeleteCommandTest" time="0.004"/>
  <system-out><![CDATA[]]></system-out>
  <system-err><![CDATA[]]></system-err>
</testsuite>
