<?xml version="1.0" encoding="UTF-8"?>
<testsuite name="com.vgl.cli.commands.StatusCommandTest" tests="4" skipped="0" failures="0" errors="0" timestamp="2025-12-31T04:48:37" hostname="JONBVIVO" time="0.288">
  <properties/>
  <testcase name="status_veryVerbose_trackedCountMatchesListSize()" classname="com.vgl.cli.commands.StatusCommandTest" time="0.109"/>
  <testcase name="status_whenNoRepoFound_printsHintAndExits1()" classname="com.vgl.cli.commands.StatusCommandTest" time="0.006"/>
  <testcase name="status_veryVerbose_showsVglUntrackedFiles_notUndecided()" classname="com.vgl.cli.commands.StatusCommandTest" time="0.095"/>
  <testcase name="status_verbose_undecidedCountMatchesListSize()" classname="com.vgl.cli.commands.StatusCommandTest" time="0.077"/>
  <system-out><![CDATA[]]></system-out>
  <system-err><![CDATA[]]></system-err>
</testsuite>
