<?xml version="1.0" encoding="UTF-8"?>
<testsuite name="com.vgl.cli.commands.HelpCommandGoldenTest" tests="3" skipped="0" failures="0" errors="0" timestamp="2025-12-31T04:48:37" hostname="JONBVIVO" time="0.009">
  <properties/>
  <testcase name="help_vvOutput_isStable()" classname="com.vgl.cli.commands.HelpCommandGoldenTest" time="0.004"/>
  <testcase name="help_vOutput_isStable()" classname="com.vgl.cli.commands.HelpCommandGoldenTest" time="0.001"/>
  <testcase name="help_defaultOutput_isStable()" classname="com.vgl.cli.commands.HelpCommandGoldenTest" time="0.002"/>
  <system-out><![CDATA[]]></system-out>
  <system-err><![CDATA[]]></system-err>
</testsuite>
